<?xml version="1.0" encoding="UTF-8"?>
<!-- Generated by org.testng.reporters.JUnitReportReporter -->
<testsuite hostname="Admins-MacBook-Air-30.local" failures="0" tests="3" name="com.fairplay.test.TurnOverTestCases" time="25.659" errors="0" timestamp="2023-05-05T14:18:13 IST" skipped="0">
  <testcase classname="com.fairplay.test.TurnOverTestCases" name="login" time="7.954"/>
  <system-out/>
  <testcase classname="com.fairplay.test.TurnOverTestCases" name="clickOnAwaitingBonus" time="2.366"/>
  <system-out/>
  <testcase classname="com.fairplay.test.TurnOverTestCases" name="verifyCheckBonusAmount" time="15.339"/>
  <system-out/>
</testsuite> <!-- com.fairplay.test.TurnOverTestCases -->
