<?xml version="1.0" encoding="UTF-8"?>
<!-- Generated by org.testng.reporters.JUnitReportReporter -->
<testsuite hostname="Admins-MacBook-Air-30.local" failures="0" tests="4" name="com.fairplay.test.DepositeCompleteFlow" time="53.251" errors="0" timestamp="2023-03-03T10:12:20 IST" skipped="0">
  <testcase classname="com.fairplay.test.DepositeCompleteFlow" name="login" time="14.935"/>
  <system-out/>
  <testcase classname="com.fairplay.test.DepositeCompleteFlow" name="verifyDeposit" time="4.939"/>
  <system-out/>
  <testcase classname="com.fairplay.test.DepositeCompleteFlow" name="verifyDepositThroughNetBanking" time="23.307"/>
  <system-out/>
  <testcase classname="com.fairplay.test.DepositeCompleteFlow" name="netBanking_transaction_details" time="10.070"/>
  <system-out/>
</testsuite> <!-- com.fairplay.test.DepositeCompleteFlow -->
