<?xml version="1.0" encoding="UTF-8"?>
<!-- Generated by org.testng.reporters.JUnitReportReporter -->
<testsuite hostname="Admins-MacBook-Air-30.local" failures="0" tests="2" name="com.fairplay.admin.test.AdminPanelTelegramSettingNegativeTestCases" time="44.716" errors="0" timestamp="2023-05-19T17:31:33 IST" skipped="0">
  <testcase classname="com.fairplay.admin.test.AdminPanelTelegramSettingNegativeTestCases" name="verifyLoginPositiveTc" time="9.833"/>
  <system-out/>
  <testcase classname="com.fairplay.admin.test.AdminPanelTelegramSettingNegativeTestCases" name="verifyNullTelegramLink" time="34.883"/>
  <system-out/>
</testsuite> <!-- com.fairplay.admin.test.AdminPanelTelegramSettingNegativeTestCases -->
