<?xml version="1.0" encoding="UTF-8"?>
<!-- Generated by org.testng.reporters.JUnitReportReporter -->
<testsuite hostname="Admins-MacBook-Air-30.local" failures="0" tests="10" name="com.fairplay.test.ChangeMobileNumberNegativeTestCases" time="211.203" errors="0" timestamp="2023-06-06T17:27:46 IST" skipped="0">
  <testcase classname="com.fairplay.test.ChangeMobileNumberNegativeTestCases" name="login" time="45.329"/>
  <system-out/>
  <testcase classname="com.fairplay.test.ChangeMobileNumberNegativeTestCases" name="checkAccessTokenAfterLogin" time="0.014"/>
  <system-out/>
  <testcase classname="com.fairplay.test.ChangeMobileNumberNegativeTestCases" name="verifyChangeMobileNumberBtn" time="5.020"/>
  <system-out/>
  <testcase classname="com.fairplay.test.ChangeMobileNumberNegativeTestCases" name="changeMobileNumberForInvalidMobileNumber" time="39.485"/>
  <system-out/>
  <testcase classname="com.fairplay.test.ChangeMobileNumberNegativeTestCases" name="changeMobileNumberForExistingNumber" time="19.246"/>
  <system-out/>
  <testcase classname="com.fairplay.test.ChangeMobileNumberNegativeTestCases" name="changeMobileNumberForIncorrectOTP1" time="26.710"/>
  <system-out/>
  <testcase classname="com.fairplay.test.ChangeMobileNumberNegativeTestCases" name="changeMobileNumberForOTPIncludingLetters" time="40.231"/>
  <system-out/>
  <testcase classname="com.fairplay.test.ChangeMobileNumberNegativeTestCases" name="changePwdForInvalidOTP" time="19.692"/>
  <system-out/>
  <testcase classname="com.fairplay.test.ChangeMobileNumberNegativeTestCases" name="logout" time="15.464"/>
  <system-out/>
  <testcase classname="com.fairplay.test.ChangeMobileNumberNegativeTestCases" name="checkAccessTokenAfterLogout" time="0.012"/>
  <system-out/>
</testsuite> <!-- com.fairplay.test.ChangeMobileNumberNegativeTestCases -->
