<?xml version="1.0" encoding="UTF-8"?>
<!-- Generated by org.testng.reporters.JUnitReportReporter -->
<testsuite hostname="Admins-MacBook-Air-30.local" failures="0" tests="7" name="com.fairplay.test.ResetPasswordPositiveTestCases" time="124.900" errors="0" timestamp="2023-05-30T11:29:35 IST" skipped="0">
  <testcase classname="com.fairplay.test.ResetPasswordPositiveTestCases" name="verifyLogin" time="45.442"/>
  <system-out/>
  <testcase classname="com.fairplay.test.ResetPasswordPositiveTestCases" name="checkAccessTokenAfterLogin" time="0.023"/>
  <system-out/>
  <testcase classname="com.fairplay.test.ResetPasswordPositiveTestCases" name="verifyProfileClick" time="3.681"/>
  <system-out/>
  <testcase classname="com.fairplay.test.ResetPasswordPositiveTestCases" name="verifyResetPwdBtn" time="1.841"/>
  <system-out/>
  <testcase classname="com.fairplay.test.ResetPasswordPositiveTestCases" name="verifyResetPwd" time="49.733"/>
  <system-out/>
  <testcase classname="com.fairplay.test.ResetPasswordPositiveTestCases" name="logout" time="24.164"/>
  <system-out/>
  <testcase classname="com.fairplay.test.ResetPasswordPositiveTestCases" name="checkAccessTokenAfterLogout" time="0.016"/>
  <system-out/>
</testsuite> <!-- com.fairplay.test.ResetPasswordPositiveTestCases -->
