<?xml version="1.0" encoding="UTF-8"?>
<!-- Generated by org.testng.reporters.JUnitReportReporter -->
<testsuite hostname="Admins-MacBook-Air-30.local" failures="0" tests="10" name="com.fairplay.test.WithdrawalAddBank_DeleteBankTc" time="105.551" errors="0" timestamp="2023-06-12T15:55:11 IST" skipped="0">
  <testcase classname="com.fairplay.test.WithdrawalAddBank_DeleteBankTc" name="login" time="41.611"/>
  <system-out/>
  <testcase classname="com.fairplay.test.WithdrawalAddBank_DeleteBankTc" name="checkAccessTokenAfterLogin" time="0.015"/>
  <system-out/>
  <testcase classname="com.fairplay.test.WithdrawalAddBank_DeleteBankTc" name="getWalletAmt" time="4.783"/>
  <system-out/>
  <testcase classname="com.fairplay.test.WithdrawalAddBank_DeleteBankTc" name="verifyWithdraw" time="0.757"/>
  <system-out/>
  <testcase classname="com.fairplay.test.WithdrawalAddBank_DeleteBankTc" name="getOtp" time="16.982"/>
  <system-out/>
  <testcase classname="com.fairplay.test.WithdrawalAddBank_DeleteBankTc" name="verifyAddBankAccount" time="5.841"/>
  <system-out/>
  <testcase classname="com.fairplay.test.WithdrawalAddBank_DeleteBankTc" name="getBankDetailBeforeDeleting" time="1.146"/>
  <system-out/>
  <testcase classname="com.fairplay.test.WithdrawalAddBank_DeleteBankTc" name="verifyDeleteAccount" time="5.740"/>
  <system-out/>
  <testcase classname="com.fairplay.test.WithdrawalAddBank_DeleteBankTc" name="logout" time="28.663"/>
  <system-out/>
  <testcase classname="com.fairplay.test.WithdrawalAddBank_DeleteBankTc" name="checkAccessTokenAfterLogout" time="0.013"/>
  <system-out/>
</testsuite> <!-- com.fairplay.test.WithdrawalAddBank_DeleteBankTc -->
