<?xml version="1.0" encoding="UTF-8"?>
<!-- Generated by org.testng.reporters.JUnitReportReporter -->
<testsuite hostname="Admins-MacBook-Air-30.local" failures="0" tests="9" name="com.fairplay.test.EditProfilePositiveTestCase" time="148.494" errors="0" timestamp="2023-06-07T16:55:57 IST" skipped="0">
  <testcase classname="com.fairplay.test.EditProfilePositiveTestCase" name="login" time="46.653"/>
  <system-out/>
  <testcase classname="com.fairplay.test.EditProfilePositiveTestCase" name="checkAccessTokenAfterLogin" time="0.020"/>
  <system-out/>
  <testcase classname="com.fairplay.test.EditProfilePositiveTestCase" name="userInfoBeforeEdit" time="18.823"/>
  <system-out/>
  <testcase classname="com.fairplay.test.EditProfilePositiveTestCase" name="verifyFirstOtp" time="27.451"/>
  <system-out/>
  <testcase classname="com.fairplay.test.EditProfilePositiveTestCase" name="editUserInformation" time="16.358"/>
  <system-out/>
  <testcase classname="com.fairplay.test.EditProfilePositiveTestCase" name="verifySecondOtp" time="8.221"/>
  <system-out/>
  <testcase classname="com.fairplay.test.EditProfilePositiveTestCase" name="userInfoAfterEdit" time="0.233"/>
  <system-out/>
  <testcase classname="com.fairplay.test.EditProfilePositiveTestCase" name="logout" time="30.701"/>
  <system-out/>
  <testcase classname="com.fairplay.test.EditProfilePositiveTestCase" name="checkAccessTokenAfterLogout" time="0.034"/>
  <system-out/>
</testsuite> <!-- com.fairplay.test.EditProfilePositiveTestCase -->
