<?xml version="1.0" encoding="UTF-8"?>
<!-- Generated by org.testng.reporters.JUnitReportReporter -->
<testsuite hostname="Admins-MacBook-Air-30.local" failures="0" tests="6" name="com.fairplay.test.SignUpTestCases" time="70.252" errors="0" timestamp="2023-04-07T09:57:11 IST" skipped="0">
  <testcase classname="com.fairplay.test.SignUpTestCases" name="verifySignupWithStrongPwd" time="44.399"/>
  <system-out/>
  <testcase classname="com.fairplay.test.SignUpTestCases" name="verifyCheckBox" time="0.568"/>
  <system-out/>
  <testcase classname="com.fairplay.test.SignUpTestCases" name="verifyBonus" time="0.411"/>
  <system-out/>
  <testcase classname="com.fairplay.test.SignUpTestCases" name="verifyDepositPageBanner" time="8.420"/>
  <system-out/>
  <testcase classname="com.fairplay.test.SignUpTestCases" name="verifyWithdrawalPageBanner" time="11.286"/>
  <system-out/>
  <testcase classname="com.fairplay.test.SignUpTestCases" name="verifyLogout" time="5.168"/>
  <system-out/>
</testsuite> <!-- com.fairplay.test.SignUpTestCases -->
