<?xml version="1.0" encoding="UTF-8"?>
<!-- Generated by org.testng.reporters.JUnitReportReporter -->
<testsuite hostname="Admins-MacBook-Air-30.local" failures="0" tests="1" name="com.fairplay.test.ForgotPasswordPositiveTestCases" time="30.661" errors="0" timestamp="2023-06-07T17:24:57 IST" skipped="0">
  <testcase classname="com.fairplay.test.ForgotPasswordPositiveTestCases" name="verifyForgotPassword" time="30.661"/>
  <system-out/>
</testsuite> <!-- com.fairplay.test.ForgotPasswordPositiveTestCases -->
