<?xml version="1.0" encoding="UTF-8"?>
<!-- Generated by org.testng.reporters.JUnitReportReporter -->
<testsuite hostname="Admins-MacBook-Air-30.local" failures="0" tests="7" name="com.fairplay.test.affliliate.SignUpThroughAffiliateCode2" time="80.457" errors="0" timestamp="2023-05-02T18:34:11 IST" skipped="0">
  <testcase classname="com.fairplay.test.affliliate.SignUpThroughAffiliateCode2" name="checkVisibilityOfWhatsApp" time="10.267"/>
  <system-out/>
  <testcase classname="com.fairplay.test.affliliate.SignUpThroughAffiliateCode2" name="verifySignupWithStrongPwd" time="34.702"/>
  <system-out/>
  <testcase classname="com.fairplay.test.affliliate.SignUpThroughAffiliateCode2" name="verifyCheckBox" time="0.435"/>
  <system-out/>
  <testcase classname="com.fairplay.test.affliliate.SignUpThroughAffiliateCode2" name="verifyDepositPageBanner" time="9.234"/>
  <system-out/>
  <testcase classname="com.fairplay.test.affliliate.SignUpThroughAffiliateCode2" name="verifyWithdrawalPageBanner" time="1.321"/>
  <system-out/>
  <testcase classname="com.fairplay.test.affliliate.SignUpThroughAffiliateCode2" name="verifyWhatsAppProfile" time="20.391"/>
  <system-out/>
  <testcase classname="com.fairplay.test.affliliate.SignUpThroughAffiliateCode2" name="verifyLogout" time="4.107"/>
  <system-out/>
</testsuite> <!-- com.fairplay.test.affliliate.SignUpThroughAffiliateCode2 -->
