<?xml version="1.0" encoding="UTF-8"?>
<!-- Generated by org.testng.reporters.JUnitReportReporter -->
<testsuite hostname="Admins-MacBook-Air-30.local" failures="0" tests="7" name="com.fairplay.test.affliliate.SignUpThroughAffiliateCode" time="110.782" errors="0" timestamp="2023-05-02T18:14:04 IST" skipped="0">
  <testcase classname="com.fairplay.test.affliliate.SignUpThroughAffiliateCode" name="checkVisibilityOfWhatsApp" time="20.304"/>
  <system-out/>
  <testcase classname="com.fairplay.test.affliliate.SignUpThroughAffiliateCode" name="verifySignupWithStrongPwd" time="37.278"/>
  <system-out/>
  <testcase classname="com.fairplay.test.affliliate.SignUpThroughAffiliateCode" name="verifyCheckBox" time="0.690"/>
  <system-out/>
  <testcase classname="com.fairplay.test.affliliate.SignUpThroughAffiliateCode" name="verifyDepositPageBanner" time="16.886"/>
  <system-out/>
  <testcase classname="com.fairplay.test.affliliate.SignUpThroughAffiliateCode" name="verifyWithdrawalPageBanner" time="11.400"/>
  <system-out/>
  <testcase classname="com.fairplay.test.affliliate.SignUpThroughAffiliateCode" name="verifyWhatsAppProfile" time="20.245"/>
  <system-out/>
  <testcase classname="com.fairplay.test.affliliate.SignUpThroughAffiliateCode" name="verifyLogout" time="3.979"/>
  <system-out/>
</testsuite> <!-- com.fairplay.test.affliliate.SignUpThroughAffiliateCode -->
