<?xml version="1.0" encoding="UTF-8"?>
<!-- Generated by org.testng.reporters.JUnitReportReporter -->
<testsuite hostname="Admins-MacBook-Air-30.local" failures="0" tests="11" name="com.fairplay.test.EditProfileNegativeTestCases" time="328.824" errors="0" timestamp="2023-06-07T16:51:03 IST" skipped="0">
  <testcase classname="com.fairplay.test.EditProfileNegativeTestCases" name="login" time="44.313"/>
  <system-out/>
  <testcase classname="com.fairplay.test.EditProfileNegativeTestCases" name="checkAccessTokenAfterLogin" time="0.033"/>
  <system-out/>
  <testcase classname="com.fairplay.test.EditProfileNegativeTestCases" name="editProfileForFirstOTPLessThan6Digit" time="22.883"/>
  <system-out/>
  <testcase classname="com.fairplay.test.EditProfileNegativeTestCases" name="editProfileForFirstWrongOTP" time="42.930"/>
  <system-out/>
  <testcase classname="com.fairplay.test.EditProfileNegativeTestCases" name="editProfileForFirstOTPContainsLetters" time="27.159"/>
  <system-out/>
  <testcase classname="com.fairplay.test.EditProfileNegativeTestCases" name="editProfileForAgeValidation" time="58.628"/>
  <system-out/>
  <testcase classname="com.fairplay.test.EditProfileNegativeTestCases" name="editProfileForSecondOTPLessThan6Digit" time="31.886"/>
  <system-out/>
  <testcase classname="com.fairplay.test.EditProfileNegativeTestCases" name="editProfileForSecondOTPGreaterThan6Digit" time="33.921"/>
  <system-out/>
  <testcase classname="com.fairplay.test.EditProfileNegativeTestCases" name="editProfileForSecondOTPContainsLetters" time="32.620"/>
  <system-out/>
  <testcase classname="com.fairplay.test.EditProfileNegativeTestCases" name="logout" time="34.441"/>
  <system-out/>
  <testcase classname="com.fairplay.test.EditProfileNegativeTestCases" name="checkAccessTokenAfterLogout" time="0.010"/>
  <system-out/>
</testsuite> <!-- com.fairplay.test.EditProfileNegativeTestCases -->
