<?xml version="1.0" encoding="UTF-8"?>
<!-- Generated by org.testng.reporters.JUnitReportReporter -->
<testsuite hostname="Admins-MacBook-Air-30.local" failures="0" tests="8" name="com.fairplay.test.affliliate.AffiliateSignUpFlowThroughFP_Registration" time="6.754" errors="1" timestamp="2023-06-01T17:28:39 IST" skipped="7">
  <testcase classname="com.fairplay.test.affliliate.AffiliateSignUpFlowThroughFP_Registration" name="checkVisibilityOfWhatsApp" time="0.009">
    <skipped/>
  </testcase> <!-- checkVisibilityOfWhatsApp -->
  <system-out/>
  <testcase classname="com.fairplay.test.affliliate.AffiliateSignUpFlowThroughFP_Registration" name="initializeBrowser" time="6.742">
    <error message="Unresolved compilation problem: 
	The type java.lang.invoke.TypeDescriptor$OfField cannot be resolved. It is indirectly referenced from required type java.lang.Class
" type="java.lang.Error">
      <![CDATA[java.lang.Error: Unresolved compilation problem: 
The type java.lang.invoke.TypeDescriptor$OfField cannot be resolved. It is indirectly referenced from required type java.lang.Class

at com.fairplay.library.gson_Model.GetGsonFairplayTestData.getUrl(GetGsonFairplayTestData.java:19)
at com.fairplay.test.affliliate.BaseTest_fp_registration.initializeBrowser(BaseTest_fp_registration.java:50)
at java.base/jdk.internal.reflect.DirectMethodHandleAccessor.invoke(DirectMethodHandleAccessor.java:104)
at java.base/java.lang.reflect.Method.invoke(Method.java:577)
at org.testng.internal.invokers.MethodInvocationHelper.invokeMethod(MethodInvocationHelper.java:135)
at org.testng.internal.invokers.MethodInvocationHelper.invokeMethodConsideringTimeout(MethodInvocationHelper.java:65)
at org.testng.internal.invokers.ConfigInvoker.invokeConfigurationMethod(ConfigInvoker.java:381)
at org.testng.internal.invokers.ConfigInvoker.invokeConfigurations(ConfigInvoker.java:319)
at org.testng.SuiteRunner.privateRun(SuiteRunner.java:368)
at org.testng.SuiteRunner.run(SuiteRunner.java:326)
at org.testng.SuiteRunnerWorker.runSuite(SuiteRunnerWorker.java:52)
at org.testng.SuiteRunnerWorker.run(SuiteRunnerWorker.java:95)
at org.testng.TestNG.runSuitesSequentially(TestNG.java:1249)
at org.testng.TestNG.runSuitesLocally(TestNG.java:1169)
at org.testng.TestNG.runSuites(TestNG.java:1092)
at org.testng.TestNG.run(TestNG.java:1060)
at org.testng.remote.AbstractRemoteTestNG.run(AbstractRemoteTestNG.java:115)
at org.testng.remote.RemoteTestNG.initAndRun(RemoteTestNG.java:251)
at org.testng.remote.RemoteTestNG.main(RemoteTestNG.java:77)
]]>
    </error>
  </testcase> <!-- initializeBrowser -->
  <system-out/>
  <testcase classname="com.fairplay.test.affliliate.AffiliateSignUpFlowThroughFP_Registration" name="verifySignupWithStrongPwd" time="0.001">
    <skipped/>
  </testcase> <!-- verifySignupWithStrongPwd -->
  <system-out/>
  <testcase classname="com.fairplay.test.affliliate.AffiliateSignUpFlowThroughFP_Registration" name="verifyCheckBox" time="0.000">
    <skipped/>
  </testcase> <!-- verifyCheckBox -->
  <system-out/>
  <testcase classname="com.fairplay.test.affliliate.AffiliateSignUpFlowThroughFP_Registration" name="verifyDepositPageBanner" time="0.000">
    <skipped/>
  </testcase> <!-- verifyDepositPageBanner -->
  <system-out/>
  <testcase classname="com.fairplay.test.affliliate.AffiliateSignUpFlowThroughFP_Registration" name="verifyWithdrawalPageBanner" time="0.001">
    <skipped/>
  </testcase> <!-- verifyWithdrawalPageBanner -->
  <system-out/>
  <testcase classname="com.fairplay.test.affliliate.AffiliateSignUpFlowThroughFP_Registration" name="verifyWhatsAppProfile" time="0.001">
    <skipped/>
  </testcase> <!-- verifyWhatsAppProfile -->
  <system-out/>
  <testcase classname="com.fairplay.test.affliliate.AffiliateSignUpFlowThroughFP_Registration" name="verifyLogout" time="0.000">
    <skipped/>
  </testcase> <!-- verifyLogout -->
  <system-out/>
</testsuite> <!-- com.fairplay.test.affliliate.AffiliateSignUpFlowThroughFP_Registration -->
