<?xml version="1.0" encoding="UTF-8"?>
<!-- Generated by org.testng.reporters.JUnitReportReporter -->
<testsuite hostname="Admins-MacBook-Air-8.local" failures="0" tests="3" name="com.fairplay.test.EditProfileWithWrongOTP" time="18.419" errors="0" timestamp="2023-01-15T22:17:50 IST" skipped="0">
  <testcase classname="com.fairplay.test.EditProfileWithWrongOTP" name="login" time="4.683"/>
  <system-out/>
  <testcase classname="com.fairplay.test.EditProfileWithWrongOTP" name="userInfoBeforeEdit" time="10.128"/>
  <system-out/>
  <testcase classname="com.fairplay.test.EditProfileWithWrongOTP" name="verifyFirstOtp" time="3.608"/>
  <system-out/>
</testsuite> <!-- com.fairplay.test.EditProfileWithWrongOTP -->
