<?xml version="1.0" encoding="UTF-8"?>
<!-- Generated by org.testng.reporters.JUnitReportReporter -->
<testsuite hostname="Admins-MacBook-Air-30.local" failures="0" tests="5" name="com.fairplay.test.SignUpThroughAffiliateLinks" time="40.305" errors="0" timestamp="2023-03-02T18:27:43 IST" skipped="0">
  <testcase classname="com.fairplay.test.SignUpThroughAffiliateLinks" name="verifySignupWithStrongPwd" time="27.859"/>
  <system-out/>
  <testcase classname="com.fairplay.test.SignUpThroughAffiliateLinks" name="verifyCheckBox" time="4.370"/>
  <system-out/>
  <testcase classname="com.fairplay.test.SignUpThroughAffiliateLinks" name="verifyBonus" time="0.164"/>
  <system-out/>
  <testcase classname="com.fairplay.test.SignUpThroughAffiliateLinks" name="verifyProfileClick" time="0.351"/>
  <system-out/>
  <testcase classname="com.fairplay.test.SignUpThroughAffiliateLinks" name="verifyLogout" time="7.561"/>
  <system-out/>
</testsuite> <!-- com.fairplay.test.SignUpThroughAffiliateLinks -->
