<?xml version="1.0" encoding="UTF-8"?>
<!-- Generated by org.testng.reporters.JUnitReportReporter -->
<testsuite hostname="Admins-MacBook-Air-30.local" failures="0" tests="1" name="com.fairplay.test.FpSportsUserLoginFromFp" time="26.134" errors="0" timestamp="2023-05-03T17:22:24 IST" skipped="0">
  <testcase classname="com.fairplay.test.FpSportsUserLoginFromFp" name="verifyLoginPositiveTc" time="26.134"/>
  <system-out/>
</testsuite> <!-- com.fairplay.test.FpSportsUserLoginFromFp -->
