<?xml version="1.0" encoding="UTF-8"?>
<!-- Generated by org.testng.reporters.JUnitReportReporter -->
<testsuite hostname="Admins-MacBook-Air-8.local" failures="0" tests="3" name="com.fairplay.test.DepositePageTestCases" time="29.382" errors="0" timestamp="2023-02-08T18:24:54 IST" skipped="0">
  <testcase classname="com.fairplay.test.DepositePageTestCases" name="login" time="20.113"/>
  <system-out/>
  <testcase classname="com.fairplay.test.DepositePageTestCases" name="verifyDeposite" time="0.351"/>
  <system-out/>
  <testcase classname="com.fairplay.test.DepositePageTestCases" name="verifydeposite" time="8.918"/>
  <system-out/>
</testsuite> <!-- com.fairplay.test.DepositePageTestCases -->
