<?xml version="1.0" encoding="UTF-8"?>
<!-- Generated by org.testng.reporters.JUnitReportReporter -->
<testsuite hostname="Admins-MacBook-Air-8.local" failures="0" tests="2" name="com.fairplay.test.LoginTestCases" time="45.980" errors="0" timestamp="2023-01-10T11:29:38 IST" skipped="0">
  <testcase classname="com.fairplay.test.LoginTestCases" name="verifyLoginPositiveTc" time="30.352"/>
  <system-out/>
  <testcase classname="com.fairplay.test.LoginTestCases" name="verifyLoginPositiveTc1" time="15.628"/>
  <system-out/>
</testsuite> <!-- com.fairplay.test.LoginTestCases -->
