<?xml version="1.0" encoding="UTF-8"?>
<!-- Generated by org.testng.reporters.JUnitReportReporter -->
<testsuite hostname="Admins-MacBook-Air-30.local" failures="0" tests="5" name="com.fairplay.test.LoginNegativeTc" time="62.280" errors="0" timestamp="2023-05-02T18:34:11 IST" skipped="0">
  <testcase classname="com.fairplay.test.LoginNegativeTc" name="verifyLoginNegavtiveTc" time="7.532"/>
  <system-out/>
  <testcase classname="com.fairplay.test.LoginNegativeTc" name="verifyLoginNegavtiveTc" time="25.565"/>
  <system-out/>
  <testcase classname="com.fairplay.test.LoginNegativeTc" name="verifyLoginNegavtiveTc" time="1.991"/>
  <system-out/>
  <testcase classname="com.fairplay.test.LoginNegativeTc" name="verifyLoginNegavtiveTc" time="3.052"/>
  <system-out/>
  <testcase classname="com.fairplay.test.LoginNegativeTc" name="verifyLoginNegavtiveTc" time="24.140"/>
  <system-out/>
</testsuite> <!-- com.fairplay.test.LoginNegativeTc -->
