<?xml version="1.0" encoding="UTF-8"?>
<!-- Generated by org.testng.reporters.JUnitReportReporter -->
<testsuite hostname="Admins-MacBook-Air-30.local" failures="0" tests="10" name="com.fairplay.test.WithdrawalPositiveTestCases" time="128.016" errors="0" timestamp="2023-06-08T12:03:12 IST" skipped="0">
  <testcase classname="com.fairplay.test.WithdrawalPositiveTestCases" name="login" time="38.407"/>
  <system-out/>
  <testcase classname="com.fairplay.test.WithdrawalPositiveTestCases" name="checkAccessTokenAfterLogin" time="0.062"/>
  <system-out/>
  <testcase classname="com.fairplay.test.WithdrawalPositiveTestCases" name="getWalletAmt" time="5.610"/>
  <system-out/>
  <testcase classname="com.fairplay.test.WithdrawalPositiveTestCases" name="verifyWithdraw" time="0.622"/>
  <system-out/>
  <testcase classname="com.fairplay.test.WithdrawalPositiveTestCases" name="WithdrawValidAmt" time="19.296"/>
  <system-out/>
  <testcase classname="com.fairplay.test.WithdrawalPositiveTestCases" name="checkWithdrawalReq" time="1.308"/>
  <system-out/>
  <testcase classname="com.fairplay.test.WithdrawalPositiveTestCases" name="getWalletAmtAfterWithdrawal" time="2.943"/>
  <system-out/>
  <testcase classname="com.fairplay.test.WithdrawalPositiveTestCases" name="cancelWithdrawalReq" time="22.620"/>
  <system-out/>
  <testcase classname="com.fairplay.test.WithdrawalPositiveTestCases" name="getWalletAmtAfterCancellingWithdrawal" time="5.774"/>
  <system-out/>
  <testcase classname="com.fairplay.test.WithdrawalPositiveTestCases" name="logout" time="31.374"/>
  <system-out/>
</testsuite> <!-- com.fairplay.test.WithdrawalPositiveTestCases -->
