<?xml version="1.0" encoding="UTF-8"?>
<!-- Generated by org.testng.reporters.JUnitReportReporter -->
<testsuite hostname="Admins-MacBook-Air-30.local" failures="0" tests="5" name="com.fairplay.test.LoginNegativeTestCases" time="213.587" errors="0" timestamp="2023-05-30T11:21:00 IST" skipped="0">
  <testcase classname="com.fairplay.test.LoginNegativeTestCases" name="verifyLoginNegavtiveTc" time="108.403"/>
  <system-out/>
  <testcase classname="com.fairplay.test.LoginNegativeTestCases" name="verifyLoginNegavtiveTc" time="17.336"/>
  <system-out/>
  <testcase classname="com.fairplay.test.LoginNegativeTestCases" name="verifyLoginNegavtiveTc" time="26.507"/>
  <system-out/>
  <testcase classname="com.fairplay.test.LoginNegativeTestCases" name="verifyLoginNegavtiveTc" time="10.060"/>
  <system-out/>
  <testcase classname="com.fairplay.test.LoginNegativeTestCases" name="verifyLoginNegavtiveTc" time="51.281"/>
  <system-out/>
</testsuite> <!-- com.fairplay.test.LoginNegativeTestCases -->
