<?xml version="1.0" encoding="UTF-8"?>
<!-- Generated by org.testng.reporters.JUnitReportReporter -->
<testsuite hostname="Admins-MacBook-Air-30.local" failures="0" tests="4" name="com.fairplay.test.W" time="61.242" errors="0" timestamp="2023-04-10T17:25:15 IST" skipped="0">
  <testcase classname="com.fairplay.test.W" name="addBankUser1" time="24.615"/>
  <system-out/>
  <testcase classname="com.fairplay.test.W" name="addBankUser2" time="14.720"/>
  <system-out/>
  <testcase classname="com.fairplay.test.W" name="addBankUser3" time="20.911"/>
  <system-out/>
  <testcase classname="com.fairplay.test.W" name="checkSuspectedUser" time="0.996"/>
  <system-out/>
</testsuite> <!-- com.fairplay.test.W -->
