<?xml version="1.0" encoding="UTF-8"?>
<!-- Generated by org.testng.reporters.JUnitReportReporter -->
<testsuite hostname="Admins-MacBook-Air-30.local" failures="0" tests="13" name="com.fairplay.test.ResetPasswordNegativeTestCases" time="733.836" errors="0" timestamp="2023-06-01T16:42:51 IST" skipped="0">
  <testcase classname="com.fairplay.test.ResetPasswordNegativeTestCases" name="verifyLogin" time="52.149"/>
  <system-out/>
  <testcase classname="com.fairplay.test.ResetPasswordNegativeTestCases" name="checkAccessTokenAfterLogin" time="0.019"/>
  <system-out/>
  <testcase classname="com.fairplay.test.ResetPasswordNegativeTestCases" name="verifyProfileClick" time="4.412"/>
  <system-out/>
  <testcase classname="com.fairplay.test.ResetPasswordNegativeTestCases" name="verifyResetPwdBtn" time="2.408"/>
  <system-out/>
  <testcase classname="com.fairplay.test.ResetPasswordNegativeTestCases" name="verifyResetPwd_Unmatched" time="38.242"/>
  <system-out/>
  <testcase classname="com.fairplay.test.ResetPasswordNegativeTestCases" name="verifyResetPwd_ContainsSpace" time="11.285"/>
  <system-out/>
  <testcase classname="com.fairplay.test.ResetPasswordNegativeTestCases" name="verifyResetPwd_Uppercase" time="91.189"/>
  <system-out/>
  <testcase classname="com.fairplay.test.ResetPasswordNegativeTestCases" name="verifyResetPwd_Lowercase" time="73.451"/>
  <system-out/>
  <testcase classname="com.fairplay.test.ResetPasswordNegativeTestCases" name="verifyResetPwd_Numbers" time="168.461"/>
  <system-out/>
  <testcase classname="com.fairplay.test.ResetPasswordNegativeTestCases" name="verifyResetPwd_OldPassword" time="181.025"/>
  <system-out/>
  <testcase classname="com.fairplay.test.ResetPasswordNegativeTestCases" name="verifyResetPwd_OldNewSame" time="45.382"/>
  <system-out/>
  <testcase classname="com.fairplay.test.ResetPasswordNegativeTestCases" name="logout" time="65.806"/>
  <system-out/>
  <testcase classname="com.fairplay.test.ResetPasswordNegativeTestCases" name="checkAccessTokenAfterLogout" time="0.007"/>
  <system-out/>
</testsuite> <!-- com.fairplay.test.ResetPasswordNegativeTestCases -->
