<?xml version="1.0" encoding="UTF-8"?>
<!-- Generated by org.testng.reporters.JUnitReportReporter -->
<testsuite hostname="Admins-MacBook-Air-8.local" failures="0" tests="1" name="com.framework.testlibrary.MailTestClass" time="9.159" errors="0" timestamp="2023-01-10T11:37:21 IST" skipped="0">
  <testcase classname="com.framework.testlibrary.MailTestClass" name="Reports" time="9.159"/>
  <system-out/>
</testsuite> <!-- com.framework.testlibrary.MailTestClass -->
