<?xml version="1.0" encoding="UTF-8"?>
<!-- Generated by org.testng.reporters.JUnitReportReporter -->
<testsuite hostname="Admins-MacBook-Air-30.local" failures="0" tests="3" name="com.fairplay.test.WithdrawalBankFlowFor3Users" time="50.862" errors="0" timestamp="2023-05-02T18:47:19 IST" skipped="0">
  <testcase classname="com.fairplay.test.WithdrawalBankFlowFor3Users" name="addBankUser1" time="14.165"/>
  <system-out/>
  <testcase classname="com.fairplay.test.WithdrawalBankFlowFor3Users" name="addBankUser1" time="22.396"/>
  <system-out/>
  <testcase classname="com.fairplay.test.WithdrawalBankFlowFor3Users" name="addBankUser1" time="14.301"/>
  <system-out/>
</testsuite> <!-- com.fairplay.test.WithdrawalBankFlowFor3Users -->
