<?xml version="1.0" encoding="UTF-8"?>
<!-- Generated by org.testng.reporters.JUnitReportReporter -->
<testsuite hostname="Admins-MacBook-Air-30.local" failures="0" tests="6" name="com.fairplay.test.SignUpTestCasesForDifferentContryCode" time="61.520" errors="0" timestamp="2023-03-29T10:37:41 IST" skipped="0">
  <testcase classname="com.fairplay.test.SignUpTestCasesForDifferentContryCode" name="verifySignupWithStrongPwd" time="45.653"/>
  <system-out/>
  <testcase classname="com.fairplay.test.SignUpTestCasesForDifferentContryCode" name="verifyCheckBox" time="0.656"/>
  <system-out/>
  <testcase classname="com.fairplay.test.SignUpTestCasesForDifferentContryCode" name="verifyBonus" time="0.352"/>
  <system-out/>
  <testcase classname="com.fairplay.test.SignUpTestCasesForDifferentContryCode" name="verifyDepositPageBanner" time="8.083"/>
  <system-out/>
  <testcase classname="com.fairplay.test.SignUpTestCasesForDifferentContryCode" name="verifyWithdrawalPageBanner" time="1.322"/>
  <system-out/>
  <testcase classname="com.fairplay.test.SignUpTestCasesForDifferentContryCode" name="verifyLogout" time="5.454"/>
  <system-out/>
</testsuite> <!-- com.fairplay.test.SignUpTestCasesForDifferentContryCode -->
