<?xml version="1.0" encoding="UTF-8"?>
<!-- Generated by org.testng.reporters.JUnitReportReporter -->
<testsuite hostname="Admins-MacBook-Air-30.local" failures="0" tests="2" name="com.backendtest.fairplaysports.test.LoginPositiveTestCases" time="25.350" errors="0" timestamp="2023-05-03T14:43:06 IST" skipped="0">
  <testcase classname="com.backendtest.fairplaysports.test.LoginPositiveTestCases" name="verifyLogin" time="19.966"/>
  <system-out/>
  <testcase classname="com.backendtest.fairplaysports.test.LoginPositiveTestCases" name="verifyCreateNewUser" time="5.384"/>
  <system-out/>
</testsuite> <!-- com.backendtest.fairplaysports.test.LoginPositiveTestCases -->
