<?xml version="1.0" encoding="UTF-8"?>
<!-- Generated by org.testng.reporters.JUnitReportReporter -->
<testsuite hostname="Admins-MacBook-Air-30.local" failures="0" tests="9" name="com.fairplay.test.InstantWithdrawalTestCases" time="109.456" errors="0" timestamp="2023-06-09T12:10:15 IST" skipped="0">
  <testcase classname="com.fairplay.test.InstantWithdrawalTestCases" name="login" time="40.705"/>
  <system-out/>
  <testcase classname="com.fairplay.test.InstantWithdrawalTestCases" name="checkAccessTokenAfterLogin" time="0.011"/>
  <system-out/>
  <testcase classname="com.fairplay.test.InstantWithdrawalTestCases" name="verifyInstantWithdraw" time="18.448"/>
  <system-out/>
  <testcase classname="com.fairplay.test.InstantWithdrawalTestCases" name="verifyGetOtp" time="5.731"/>
  <system-out/>
  <testcase classname="com.fairplay.test.InstantWithdrawalTestCases" name="verifyAddBankAccount" time="7.143"/>
  <system-out/>
  <testcase classname="com.fairplay.test.InstantWithdrawalTestCases" name="getBankDetailBeforeDeleting" time="2.159"/>
  <system-out/>
  <testcase classname="com.fairplay.test.InstantWithdrawalTestCases" name="verifyDeleteAccount" time="4.704"/>
  <system-out/>
  <testcase classname="com.fairplay.test.InstantWithdrawalTestCases" name="logout" time="30.543"/>
  <system-out/>
  <testcase classname="com.fairplay.test.InstantWithdrawalTestCases" name="checkAccessTokenAfterLogout" time="0.012"/>
  <system-out/>
</testsuite> <!-- com.fairplay.test.InstantWithdrawalTestCases -->
