<?xml version="1.0" encoding="UTF-8"?>
<!-- Generated by org.testng.reporters.JUnitReportReporter -->
<testsuite hostname="Admins-MacBook-Air-30.local" failures="1" tests="1" name="com.fairplay.admin.test.AdminLogoutTestCase" time="19.393" errors="0" timestamp="2023-05-30T12:55:22 IST" skipped="0">
  <testcase classname="com.fairplay.admin.test.AdminLogoutTestCase" name="verifyLogoutPositiveTc" time="19.393">
    <failure message="expected [null] but found [eyJhbGciOiJIUzI1NiIsInR5cCI6IkpXVCJ9.eyJfaWQiOiI2NDVjOThjMjI2YjY1ZTFkZDg0ZGQ1MmMiLCJlbWFpbCI6InRlamFsLmdhdmFkZUB3b2hsaWcuY29tIiwibmFtZSI6InRlamFsLmdhdmFkZUB3b2hsaWcuY29tIiwibG9naW5PbkRhdGUiOiIzMC1NYXktMjAyMyIsInJvbGUiOiJTdXBlciBBZG1pbiIsImF1dGhvcmlzZSI6W3siZmVhdHVyZSI6WyJWaWV3IiwiV2hhdHNhcHAgU2V0dGluZ3MgVmlldyIsIldoYXRzYXBwIFNldHRpbmdzIEVkaXQiLCJUZWxlZ3JhbSBTZXR0aW5ncyBWaWV3IiwiVGVsZWdyYW0gU2V0dGluZ3MgRWRpdCJdLCJwYWdlTmFtZSI6IlN5c3RlbSBDb25maWciLCJ1cmwiOiIvYm9udXMtY29uZmlnIn0seyJmZWF0dXJlIjpbIlZpZXciXSwicGFnZU5hbWUiOiJVc2VyIE90cCIsInVybCI6Ii91c2VyLW90cCJ9XSwiYWdlbnQiOmZhbHNlLCJpYXQiOjE2ODU0MzE1MDEsImV4cCI6MTY4NTQ1MzEwMX0.UfVBxkSqmj5HUgZW4ytVVN2EbH9oNR6ZYP_KTLZKiwA]" type="java.lang.AssertionError">
      <![CDATA[java.lang.AssertionError: expected [null] but found [eyJhbGciOiJIUzI1NiIsInR5cCI6IkpXVCJ9.eyJfaWQiOiI2NDVjOThjMjI2YjY1ZTFkZDg0ZGQ1MmMiLCJlbWFpbCI6InRlamFsLmdhdmFkZUB3b2hsaWcuY29tIiwibmFtZSI6InRlamFsLmdhdmFkZUB3b2hsaWcuY29tIiwibG9naW5PbkRhdGUiOiIzMC1NYXktMjAyMyIsInJvbGUiOiJTdXBlciBBZG1pbiIsImF1dGhvcmlzZSI6W3siZmVhdHVyZSI6WyJWaWV3IiwiV2hhdHNhcHAgU2V0dGluZ3MgVmlldyIsIldoYXRzYXBwIFNldHRpbmdzIEVkaXQiLCJUZWxlZ3JhbSBTZXR0aW5ncyBWaWV3IiwiVGVsZWdyYW0gU2V0dGluZ3MgRWRpdCJdLCJwYWdlTmFtZSI6IlN5c3RlbSBDb25maWciLCJ1cmwiOiIvYm9udXMtY29uZmlnIn0seyJmZWF0dXJlIjpbIlZpZXciXSwicGFnZU5hbWUiOiJVc2VyIE90cCIsInVybCI6Ii91c2VyLW90cCJ9XSwiYWdlbnQiOmZhbHNlLCJpYXQiOjE2ODU0MzE1MDEsImV4cCI6MTY4NTQ1MzEwMX0.UfVBxkSqmj5HUgZW4ytVVN2EbH9oNR6ZYP_KTLZKiwA]
at org.testng.Assert.fail(Assert.java:110)
at org.testng.Assert.failNotEquals(Assert.java:1413)
at org.testng.Assert.assertEqualsImpl(Assert.java:149)
at org.testng.Assert.assertEquals(Assert.java:131)
at org.testng.Assert.assertEquals(Assert.java:655)
at org.testng.Assert.assertEquals(Assert.java:665)
at com.fairplay.admin.test.AdminLogoutTestCase.verifyLogoutPositiveTc(AdminLogoutTestCase.java:19)
at java.base/jdk.internal.reflect.DirectMethodHandleAccessor.invoke(DirectMethodHandleAccessor.java:104)
at java.base/java.lang.reflect.Method.invoke(Method.java:577)
at org.testng.internal.invokers.MethodInvocationHelper.invokeMethod(MethodInvocationHelper.java:135)
at org.testng.internal.invokers.TestInvoker.invokeMethod(TestInvoker.java:673)
at org.testng.internal.invokers.TestInvoker.invokeTestMethod(TestInvoker.java:220)
at org.testng.internal.invokers.MethodRunner.runInSequence(MethodRunner.java:50)
at org.testng.internal.invokers.TestInvoker$MethodInvocationAgent.invoke(TestInvoker.java:945)
at org.testng.internal.invokers.TestInvoker.invokeTestMethods(TestInvoker.java:193)
at org.testng.internal.invokers.TestMethodWorker.invokeTestMethods(TestMethodWorker.java:146)
at org.testng.internal.invokers.TestMethodWorker.run(TestMethodWorker.java:128)
at java.base/java.util.ArrayList.forEach(ArrayList.java:1511)
at org.testng.TestRunner.privateRun(TestRunner.java:808)
at org.testng.TestRunner.run(TestRunner.java:603)
at org.testng.SuiteRunner.runTest(SuiteRunner.java:429)
at org.testng.SuiteRunner.runSequentially(SuiteRunner.java:423)
at org.testng.SuiteRunner.privateRun(SuiteRunner.java:383)
at org.testng.SuiteRunner.run(SuiteRunner.java:326)
at org.testng.SuiteRunnerWorker.runSuite(SuiteRunnerWorker.java:52)
at org.testng.SuiteRunnerWorker.run(SuiteRunnerWorker.java:95)
at org.testng.TestNG.runSuitesSequentially(TestNG.java:1249)
at org.testng.TestNG.runSuitesLocally(TestNG.java:1169)
at org.testng.TestNG.runSuites(TestNG.java:1092)
at org.testng.TestNG.run(TestNG.java:1060)
at org.testng.remote.AbstractRemoteTestNG.run(AbstractRemoteTestNG.java:115)
at org.testng.remote.RemoteTestNG.initAndRun(RemoteTestNG.java:251)
at org.testng.remote.RemoteTestNG.main(RemoteTestNG.java:77)
]]>
    </failure>
  </testcase> <!-- verifyLogoutPositiveTc -->
  <system-out/>
</testsuite> <!-- com.fairplay.admin.test.AdminLogoutTestCase -->
