<?xml version="1.0" encoding="UTF-8"?>
<!-- Generated by org.testng.reporters.JUnitReportReporter -->
<testsuite hostname="Admins-MacBook-Air-30.local" failures="0" tests="2" name="com.fairplay.test.ProfileSectionPageTestCase" time="18.251" errors="0" timestamp="2023-04-10T11:55:26 IST" skipped="0">
  <testcase classname="com.fairplay.test.ProfileSectionPageTestCase" name="verifyLogin" time="7.888"/>
  <system-out/>
  <testcase classname="com.fairplay.test.ProfileSectionPageTestCase" name="verifyProfilePages" time="10.363"/>
  <system-out/>
</testsuite> <!-- com.fairplay.test.ProfileSectionPageTestCase -->
