<?xml version="1.0" encoding="UTF-8"?>
<!-- Generated by org.testng.reporters.JUnitReportReporter -->
<testsuite hostname="Admins-MacBook-Air-30.local" failures="0" tests="11" name="com.fairplay.test.InstantWithdrawalPositiveTestCases" time="141.603" errors="0" timestamp="2023-06-12T17:40:49 IST" skipped="0">
  <testcase classname="com.fairplay.test.InstantWithdrawalPositiveTestCases" name="login" time="54.842"/>
  <system-out/>
  <testcase classname="com.fairplay.test.InstantWithdrawalPositiveTestCases" name="checkAccessTokenAfterLogin" time="0.017"/>
  <system-out/>
  <testcase classname="com.fairplay.test.InstantWithdrawalPositiveTestCases" name="getWalletAmt" time="5.124"/>
  <system-out/>
  <testcase classname="com.fairplay.test.InstantWithdrawalPositiveTestCases" name="verifyInstantWithdraw" time="13.999"/>
  <system-out/>
  <testcase classname="com.fairplay.test.InstantWithdrawalPositiveTestCases" name="WithdrawValidAmt" time="24.635"/>
  <system-out/>
  <testcase classname="com.fairplay.test.InstantWithdrawalPositiveTestCases" name="checkWithdrawalReq" time="1.643"/>
  <system-out/>
  <testcase classname="com.fairplay.test.InstantWithdrawalPositiveTestCases" name="getWalletAmtAfterWithdrawal" time="4.103"/>
  <system-out/>
  <testcase classname="com.fairplay.test.InstantWithdrawalPositiveTestCases" name="cancelWithdrawalReq" time="4.796"/>
  <system-out/>
  <testcase classname="com.fairplay.test.InstantWithdrawalPositiveTestCases" name="getWalletAmtAfterCancellingWithdrawal" time="3.576"/>
  <system-out/>
  <testcase classname="com.fairplay.test.InstantWithdrawalPositiveTestCases" name="logout" time="28.858"/>
  <system-out/>
  <testcase classname="com.fairplay.test.InstantWithdrawalPositiveTestCases" name="checkAccessTokenAfterLogout" time="0.010"/>
  <system-out/>
</testsuite> <!-- com.fairplay.test.InstantWithdrawalPositiveTestCases -->
