<?xml version="1.0" encoding="UTF-8"?>
<!-- Generated by org.testng.reporters.JUnitReportReporter -->
<testsuite hostname="Admins-MacBook-Air-30.local" failures="0" tests="6" name="com.fairplay.test.ForgotPasswordNegativeTestCases" time="168.429" errors="0" timestamp="2023-06-07T17:37:58 IST" skipped="0">
  <testcase classname="com.fairplay.test.ForgotPasswordNegativeTestCases" name="verifyForgotPwdForWrongNumber" time="43.079"/>
  <system-out/>
  <testcase classname="com.fairplay.test.ForgotPasswordNegativeTestCases" name="verifyForgotPwdForWrongOTP" time="10.385"/>
  <system-out/>
  <testcase classname="com.fairplay.test.ForgotPasswordNegativeTestCases" name="verifyForgotPwdForOTPLessThan6Digit" time="29.257"/>
  <system-out/>
  <testcase classname="com.fairplay.test.ForgotPasswordNegativeTestCases" name="verifyForgotPwdForOTPContainsOnlyLetters" time="31.697"/>
  <system-out/>
  <testcase classname="com.fairplay.test.ForgotPasswordNegativeTestCases" name="verifyForgotPwdForOTPGreaterThan6Digit" time="28.984"/>
  <system-out/>
  <testcase classname="com.fairplay.test.ForgotPasswordNegativeTestCases" name="verifyForgotPwdForUnmatchedPassword" time="25.027"/>
  <system-out/>
</testsuite> <!-- com.fairplay.test.ForgotPasswordNegativeTestCases -->
