<?xml version="1.0" encoding="UTF-8"?>
<!-- Generated by org.testng.reporters.JUnitReportReporter -->
<testsuite hostname="Admins-MacBook-Air-30.local" failures="0" tests="2" name="com.fairplay.admin.test.AdminPanelWhatsAppSettingTestCases" time="35.893" errors="0" timestamp="2023-05-26T12:25:41 IST" skipped="0">
  <testcase classname="com.fairplay.admin.test.AdminPanelWhatsAppSettingTestCases" name="verifyLoginPositiveTc" time="10.204"/>
  <system-out/>
  <testcase classname="com.fairplay.admin.test.AdminPanelWhatsAppSettingTestCases" name="verifyToggleButton" time="25.689"/>
  <system-out/>
</testsuite> <!-- com.fairplay.admin.test.AdminPanelWhatsAppSettingTestCases -->
