<?xml version="1.0" encoding="UTF-8"?>
<!-- Generated by org.testng.reporters.JUnitReportReporter -->
<testsuite hostname="Admins-MacBook-Air-30.local" failures="0" tests="9" name="com.fairplay.test.DepositPageNegativeTestCase" time="40.828" errors="0" timestamp="2023-05-02T14:59:47 IST" skipped="0">
  <testcase classname="com.fairplay.test.DepositPageNegativeTestCase" name="login" time="7.748"/>
  <system-out/>
  <testcase classname="com.fairplay.test.DepositPageNegativeTestCase" name="checkAccessTokenAfterLogin" time="0.014"/>
  <system-out/>
  <testcase classname="com.fairplay.test.DepositPageNegativeTestCase" name="verifyDeposit" time="2.304"/>
  <system-out/>
  <testcase classname="com.fairplay.test.DepositPageNegativeTestCase" name="verifyNegativeDepositThroughUPI" time="8.713"/>
  <system-out/>
  <testcase classname="com.fairplay.test.DepositPageNegativeTestCase" name="verifyNegativeDepositThroughNetBanking" time="5.621"/>
  <system-out/>
  <testcase classname="com.fairplay.test.DepositPageNegativeTestCase" name="verifyNegativeDepositThroughBankDeposit" time="3.579"/>
  <system-out/>
  <testcase classname="com.fairplay.test.DepositPageNegativeTestCase" name="verifyNegativeDepositThroughAstropay" time="6.723"/>
  <system-out/>
  <testcase classname="com.fairplay.test.DepositPageNegativeTestCase" name="logout" time="6.117"/>
  <system-out/>
  <testcase classname="com.fairplay.test.DepositPageNegativeTestCase" name="checkAccessTokenAfterLogout" time="0.009"/>
  <system-out/>
</testsuite> <!-- com.fairplay.test.DepositPageNegativeTestCase -->
