<?xml version="1.0" encoding="UTF-8"?>
<!-- Generated by org.testng.reporters.JUnitReportReporter -->
<testsuite hostname="Admins-MacBook-Air-30.local" failures="0" tests="4" name="com.fairplay.test.ForgotPasswordTestCases" time="31.238" errors="0" timestamp="2023-04-10T16:38:19 IST" skipped="0">
  <testcase classname="com.fairplay.test.ForgotPasswordTestCases" name="verifyChangePassword" time="13.133"/>
  <system-out/>
  <testcase classname="com.fairplay.test.ForgotPasswordTestCases" name="verifyChangePasswordForWrongNumber" time="6.233"/>
  <system-out/>
  <testcase classname="com.fairplay.test.ForgotPasswordTestCases" name="verifyChangeForWrongOTP" time="6.043"/>
  <system-out/>
  <testcase classname="com.fairplay.test.ForgotPasswordTestCases" name="verifyChangePasswordForUnmatchedPassword" time="5.829"/>
  <system-out/>
</testsuite> <!-- com.fairplay.test.ForgotPasswordTestCases -->
