<?xml version="1.0" encoding="UTF-8"?>
<!-- Generated by org.testng.reporters.JUnitReportReporter -->
<testsuite hostname="Admins-MacBook-Air-30.local" failures="0" tests="6" name="com.fairplay.test.ChangeMobileNumberPositiveTestCases" time="101.376" errors="1" timestamp="2023-06-07T16:26:05 IST" skipped="0">
  <testcase classname="com.fairplay.test.ChangeMobileNumberPositiveTestCases" name="login" time="42.996"/>
  <system-out/>
  <testcase classname="com.fairplay.test.ChangeMobileNumberPositiveTestCases" name="checkAccessTokenAfterLogin" time="0.013"/>
  <system-out/>
  <testcase classname="com.fairplay.test.ChangeMobileNumberPositiveTestCases" name="verifyChangeMobileNumberBtn" time="5.468"/>
  <system-out/>
  <testcase classname="com.fairplay.test.ChangeMobileNumberPositiveTestCases" name="verifyChangeMobileNumber" time="16.128">
    <error message="Cannot invoke &quot;String.length()&quot; because &quot;oldotp&quot; is null" type="java.lang.NullPointerException">
      <![CDATA[java.lang.NullPointerException: Cannot invoke "String.length()" because "oldotp" is null
at com.fairplay.main.FairplayChangeMobileNumberPage.setOldOtp(FairplayChangeMobileNumberPage.java:159)
at com.fairplay.test.ChangeMobileNumberPositiveTestCases.verifyChangeMobileNumber(ChangeMobileNumberPositiveTestCases.java:58)
at java.base/jdk.internal.reflect.DirectMethodHandleAccessor.invoke(DirectMethodHandleAccessor.java:104)
at java.base/java.lang.reflect.Method.invoke(Method.java:577)
at org.testng.internal.invokers.MethodInvocationHelper.invokeMethod(MethodInvocationHelper.java:135)
at org.testng.internal.invokers.TestInvoker.invokeMethod(TestInvoker.java:673)
at org.testng.internal.invokers.TestInvoker.invokeTestMethod(TestInvoker.java:220)
at org.testng.internal.invokers.MethodRunner.runInSequence(MethodRunner.java:50)
at org.testng.internal.invokers.TestInvoker$MethodInvocationAgent.invoke(TestInvoker.java:945)
at org.testng.internal.invokers.TestInvoker.invokeTestMethods(TestInvoker.java:193)
at org.testng.internal.invokers.TestMethodWorker.invokeTestMethods(TestMethodWorker.java:146)
at org.testng.internal.invokers.TestMethodWorker.run(TestMethodWorker.java:128)
at java.base/java.util.ArrayList.forEach(ArrayList.java:1511)
at org.testng.TestRunner.privateRun(TestRunner.java:808)
at org.testng.TestRunner.run(TestRunner.java:603)
at org.testng.SuiteRunner.runTest(SuiteRunner.java:429)
at org.testng.SuiteRunner.runSequentially(SuiteRunner.java:423)
at org.testng.SuiteRunner.privateRun(SuiteRunner.java:383)
at org.testng.SuiteRunner.run(SuiteRunner.java:326)
at org.testng.SuiteRunnerWorker.runSuite(SuiteRunnerWorker.java:52)
at org.testng.SuiteRunnerWorker.run(SuiteRunnerWorker.java:95)
at org.testng.TestNG.runSuitesSequentially(TestNG.java:1249)
at org.testng.TestNG.runSuitesLocally(TestNG.java:1169)
at org.testng.TestNG.runSuites(TestNG.java:1092)
at org.testng.TestNG.run(TestNG.java:1060)
at org.testng.remote.AbstractRemoteTestNG.run(AbstractRemoteTestNG.java:115)
at org.testng.remote.RemoteTestNG.initAndRun(RemoteTestNG.java:251)
at org.testng.remote.RemoteTestNG.main(RemoteTestNG.java:77)
]]>
    </error>
  </testcase> <!-- verifyChangeMobileNumber -->
  <system-out/>
  <testcase classname="com.fairplay.test.ChangeMobileNumberPositiveTestCases" name="logout" time="36.753"/>
  <system-out/>
  <testcase classname="com.fairplay.test.ChangeMobileNumberPositiveTestCases" name="checkAccessTokenAfterLogout" time="0.018"/>
  <system-out/>
</testsuite> <!-- com.fairplay.test.ChangeMobileNumberPositiveTestCases -->
