<?xml version="1.0" encoding="UTF-8"?>
<!-- Generated by org.testng.reporters.JUnitReportReporter -->
<testsuite hostname="Admins-MacBook-Air-30.local" failures="0" tests="6" name="com.fairplay.test.ChangeMobileNumberTestCases" time="55.400" errors="0" timestamp="2023-04-12T15:28:50 IST" skipped="0">
  <testcase classname="com.fairplay.test.ChangeMobileNumberTestCases" name="login" time="10.274"/>
  <system-out/>
  <testcase classname="com.fairplay.test.ChangeMobileNumberTestCases" name="invalidMobileNumber" time="5.399"/>
  <system-out/>
  <testcase classname="com.fairplay.test.ChangeMobileNumberTestCases" name="numberAlreadyExisted" time="3.438"/>
  <system-out/>
  <testcase classname="com.fairplay.test.ChangeMobileNumberTestCases" name="incorrectOTP" time="7.208"/>
  <system-out/>
  <testcase classname="com.fairplay.test.ChangeMobileNumberTestCases" name="invalidOTP" time="25.600"/>
  <system-out/>
  <testcase classname="com.fairplay.test.ChangeMobileNumberTestCases" name="verifyChangeNumber" time="3.481"/>
  <system-out/>
</testsuite> <!-- com.fairplay.test.ChangeMobileNumberTestCases -->
