<?xml version="1.0" encoding="UTF-8"?>
<!-- Generated by org.testng.reporters.JUnitReportReporter -->
<testsuite hostname="Admins-MacBook-Air-30.local" failures="0" tests="6" name="com.fairplay.test.WithdrawalTestCases" time="13.753" errors="0" timestamp="2023-04-18T12:10:04 IST" skipped="0">
  <testcase classname="com.fairplay.test.WithdrawalTestCases" name="login" time="2.520"/>
  <system-out/>
  <testcase classname="com.fairplay.test.WithdrawalTestCases" name="verifyWithdraw" time="3.397"/>
  <system-out/>
  <testcase classname="com.fairplay.test.WithdrawalTestCases" name="getOtp" time="2.166"/>
  <system-out/>
  <testcase classname="com.fairplay.test.WithdrawalTestCases" name="verifyAddBankAccount" time="2.140"/>
  <system-out/>
  <testcase classname="com.fairplay.test.WithdrawalTestCases" name="getBankDetailBeforeDeleting" time="1.103"/>
  <system-out/>
  <testcase classname="com.fairplay.test.WithdrawalTestCases" name="verifyDeleteAccount" time="2.427"/>
  <system-out/>
</testsuite> <!-- com.fairplay.test.WithdrawalTestCases -->
