<?xml version="1.0" encoding="UTF-8"?>
<!-- Generated by org.testng.reporters.JUnitReportReporter -->
<testsuite hostname="Admins-MacBook-Air-30.local" failures="0" tests="10" name="com.fairplay.test.InstantWithdrawalNegativeTestCases" time="269.542" errors="0" timestamp="2023-06-12T16:35:00 IST" skipped="0">
  <testcase classname="com.fairplay.test.InstantWithdrawalNegativeTestCases" name="login" time="44.777"/>
  <system-out/>
  <testcase classname="com.fairplay.test.InstantWithdrawalNegativeTestCases" name="checkAccessTokenAfterLogin" time="0.017"/>
  <system-out/>
  <testcase classname="com.fairplay.test.InstantWithdrawalNegativeTestCases" name="verifyInstantWithdraw" time="16.846"/>
  <system-out/>
  <testcase classname="com.fairplay.test.InstantWithdrawalNegativeTestCases" name="verifyInstantWithdrawForWrongOTP" time="13.962"/>
  <system-out/>
  <testcase classname="com.fairplay.test.InstantWithdrawalNegativeTestCases" name="verifyInstantWithdrawForOTPLessThan6Digit" time="32.099"/>
  <system-out/>
  <testcase classname="com.fairplay.test.InstantWithdrawalNegativeTestCases" name="verifyInstantWithdrawForOTPContainsOnlyLetters" time="28.238"/>
  <system-out/>
  <testcase classname="com.fairplay.test.InstantWithdrawalNegativeTestCases" name="verifyInstantWithdrawForInvalidCred" time="30.658"/>
  <system-out/>
  <testcase classname="com.fairplay.test.InstantWithdrawalNegativeTestCases" name="verifyInstantWithdrawForInvalidIFSC" time="32.749"/>
  <system-out/>
  <testcase classname="com.fairplay.test.InstantWithdrawalNegativeTestCases" name="logout" time="70.176"/>
  <system-out/>
  <testcase classname="com.fairplay.test.InstantWithdrawalNegativeTestCases" name="checkAccessTokenAfterLogout" time="0.020"/>
  <system-out/>
</testsuite> <!-- com.fairplay.test.InstantWithdrawalNegativeTestCases -->
