<?xml version="1.0" encoding="UTF-8"?>
<!-- Generated by org.testng.reporters.JUnitReportReporter -->
<testsuite hostname="Admins-MacBook-Air-30.local" failures="0" tests="6" name="com.fairplay.test.EditProfileNegativeTc" time="70.158" errors="0" timestamp="2023-04-19T10:25:55 IST" skipped="0">
  <testcase classname="com.fairplay.test.EditProfileNegativeTc" name="login" time="2.308"/>
  <system-out/>
  <testcase classname="com.fairplay.test.EditProfileNegativeTc" name="checkAccessTokenAfterLogin" time="0.004"/>
  <system-out/>
  <testcase classname="com.fairplay.test.EditProfileNegativeTc" name="editProfileForWrongOTP" time="7.576"/>
  <system-out/>
  <testcase classname="com.fairplay.test.EditProfileNegativeTc" name="editProfileForAgeValidation" time="56.962"/>
  <system-out/>
  <testcase classname="com.fairplay.test.EditProfileNegativeTc" name="logout" time="3.299"/>
  <system-out/>
  <testcase classname="com.fairplay.test.EditProfileNegativeTc" name="checkAccessTokenAfterLogout" time="0.009"/>
  <system-out/>
</testsuite> <!-- com.fairplay.test.EditProfileNegativeTc -->
